<?xml version="1.0" encoding="UTF-8"?>
<!-- Generated by org.testng.reporters.JUnitXMLReporter -->
<testsuite hostname="DESKTOP-J5594CO" ignored="0" name="Test" tests="4" failures="0" timestamp="27 Apr 2022 11:27:01 GMT" time="127.619" errors="0">
  <testcase name="LoginZerothaAndEntrePin" time="5.374" classname="Test.LoginFunction"/>
  <testcase name="Test_SelectStock" time="9.521" classname="Test.StockSeection"/>
  <testcase name="BuyStock" time="4.847" classname="Test.StockSeection"/>
  <testcase name="Error" time="2.383" classname="Test.StockSeection"/>
</testsuite> <!-- Test -->
