<?xml version="1.0" encoding="UTF-8"?>
<testng-results skipped="0" failed="0" ignored="0" total="1" passed="1">
  <reporter-output>
  </reporter-output>
  <suite name="Default suite" duration-ms="2484" started-at="2022-05-02T12:16:22Z" finished-at="2022-05-02T12:16:24Z">
    <groups>
    </groups>
    <test name="Default test" duration-ms="2484" started-at="2022-05-02T12:16:22Z" finished-at="2022-05-02T12:16:24Z">
      <class name="Test.DriverTest">
        <test-method status="PASS" signature="open()[pri:0, instance:Test.DriverTest@604ed9f0]" name="open" duration-ms="2454" started-at="2022-05-02T12:16:22Z" finished-at="2022-05-02T12:16:24Z">
          <reporter-output>
          </reporter-output>
        </test-method> <!-- open -->
      </class> <!-- Test.DriverTest -->
    </test> <!-- Default test -->
  </suite> <!-- Default suite -->
</testng-results>
